0 info it worked if it ends with ok
1 verbose cli [ '/Users/ajp/.nvm/versions/node/v4.0.0/bin/node',
1 verbose cli   '/Users/ajp/.nvm/versions/node/v4.0.0/bin/npm',
1 verbose cli   'install' ]
2 info using npm@3.10.5
3 info using node@v4.0.0
4 silly loadCurrentTree Starting
5 silly install loadCurrentTree
6 silly install readLocalPackageData
7 silly rollbackFailedOptional Starting
8 silly rollbackFailedOptional Finishing
9 silly runTopLevelLifecycles Starting
10 silly runTopLevelLifecycles Finishing
11 silly install printInstalled
12 verbose stack SyntaxError: Unexpected token <
12 verbose stack     at Object.parse (native)
12 verbose stack     at module.exports (/Users/ajp/.nvm/versions/node/v4.0.0/lib/node_modules/npm/lib/utils/parse-json.js:3:15)
12 verbose stack     at /Users/ajp/.nvm/versions/node/v4.0.0/lib/node_modules/npm/lib/install.js:600:47
12 verbose stack     at /Users/ajp/.nvm/versions/node/v4.0.0/lib/node_modules/npm/node_modules/graceful-fs/graceful-fs.js:78:16
12 verbose stack     at FSReqWrap.readFileAfterClose [as oncomplete] (fs.js:380:3)
13 verbose cwd /Users/ajp/Desktop/whatToDo
14 error Darwin 15.5.0
15 error argv "/Users/ajp/.nvm/versions/node/v4.0.0/bin/node" "/Users/ajp/.nvm/versions/node/v4.0.0/bin/npm" "install"
16 error node v4.0.0
17 error npm  v3.10.5
18 error Unexpected token <
19 error If you need help, you may report this error at:
19 error     <https://github.com/npm/npm/issues>
20 verbose exit [ 1, true ]
